  book.cpp
C:\Program Files\Microsoft Visual Studio\2022\Community\VC\Tools\MSVC\14.37.32822\include\xmemory(719,82): error C2661: 'Book::Book': no overloaded function takes 5 arguments
C:\Program Files\Microsoft Visual Studio\2022\Community\VC\Tools\MSVC\14.37.32822\include\xmemory(719,82): message : while trying to match the argument list '(std::string, std::string, int, int, std::string)'
C:\Program Files\Microsoft Visual Studio\2022\Community\VC\Tools\MSVC\14.37.32822\include\vector(800,27): message : see reference to function template instantiation 'void std::_Default_allocator_traits<_Alloc>::construct<_Ty,std::string&,std::string&,int&,int&,std::string&>(_Alloc &,_Objty *const ,std::string &,std::string &,int &,int &,std::string &)' being compiled
          with
          [
              _Alloc=std::allocator<Book>,
              _Ty=Book,
              _Objty=Book
          ]
C:\Program Files\Microsoft Visual Studio\2022\Community\VC\Tools\MSVC\14.37.32822\include\vector(782,20): message : see reference to function template instantiation '_Ty &std::vector<_Ty,std::allocator<_Ty>>::_Emplace_back_with_unused_capacity<std::string&,std::string&,int&,int&,std::string&>(std::string &,std::string &,int &,int &,std::string &)' being compiled
          with
          [
              _Ty=Book
          ]
C:\Program Files\Microsoft Visual Studio\2022\Community\VC\Tools\MSVC\14.37.32822\include\vector(864,24): message : see reference to function template instantiation '_Ty &std::vector<_Ty,std::allocator<_Ty>>::_Emplace_one_at_back<std::string&,std::string&,int&,int&,std::string&>(std::string &,std::string &,int &,int &,std::string &)' being compiled
          with
          [
              _Ty=Book
          ]
D:\tuan01\library\library\book.cpp(82,10): message : see reference to function template instantiation 'void std::vector<Book,std::allocator<Book>>::emplace_back<std::string&,std::string&,int&,int&,std::string&>(std::string &,std::string &,int &,int &,std::string &)' being compiled
  catalog.cpp
  library.cpp
  libraryproject.cpp
D:\tuan01\library\library\libraryproject.cpp(387,28): error C2065: 'catalog': undeclared identifier
  member.cpp
  transaction.cpp
  user.cpp
  Generating Code...
